[2023-04-04 18:19:03] local.ERROR: SQLSTATE[HY000] [1045] Access denied for user 'root'@'localhost' (using password: NO) (SQL: select `Address` from `system_information` limit 1) {"exception":"[object] (Illuminate\\Database\\QueryException(code: 1045): SQLSTATE[HY000] [1045] Access denied for user 'root'@'localhost' (using password: NO) (SQL: select `Address` from `system_information` limit 1) at /var/www/spotlightattires.com/public_html/vendor/laravel/framework/src/Illuminate/Database/Connection.php:760)
[stacktrace]
#0 /var/www/spotlightattires.com/public_html/vendor/laravel/framework/src/Illuminate/Database/Connection.php(720): Illuminate\\Database\\Connection->runQueryCallback()
#1 /var/www/spotlightattires.com/public_html/vendor/laravel/framework/src/Illuminate/Database/Connection.php(405): Illuminate\\Database\\Connection->run()
#2 /var/www/spotlightattires.com/public_html/vendor/laravel/framework/src/Illuminate/Database/Query/Builder.php(2705): Illuminate\\Database\\Connection->select()
#3 /var/www/spotlightattires.com/public_html/vendor/laravel/framework/src/Illuminate/Database/Query/Builder.php(2694): Illuminate\\Database\\Query\\Builder->runSelect()
#4 /var/www/spotlightattires.com/public_html/vendor/laravel/framework/src/Illuminate/Database/Query/Builder.php(3230): Illuminate\\Database\\Query\\Builder->Illuminate\\Database\\Query\\{closure}()
#5 /var/www/spotlightattires.com/public_html/vendor/laravel/framework/src/Illuminate/Database/Query/Builder.php(2693): Illuminate\\Database\\Query\\Builder->onceWithColumns()
#6 /var/www/spotlightattires.com/public_html/vendor/laravel/framework/src/Illuminate/Database/Concerns/BuildsQueries.php(296): Illuminate\\Database\\Query\\Builder->get()
#7 /var/www/spotlightattires.com/public_html/vendor/laravel/framework/src/Illuminate/Database/Query/Builder.php(2650): Illuminate\\Database\\Query\\Builder->first()
#8 /var/www/spotlightattires.com/public_html/app/Providers/AppServiceProvider.php(26): Illuminate\\Database\\Query\\Builder->value()
#9 /var/www/spotlightattires.com/public_html/vendor/laravel/framework/src/Illuminate/Container/BoundMethod.php(36): App\\Providers\\AppServiceProvider->boot()
#10 /var/www/spotlightattires.com/public_html/vendor/laravel/framework/src/Illuminate/Container/Util.php(41): Illuminate\\Container\\BoundMethod::Illuminate\\Container\\{closure}()
#11 /var/www/spotlightattires.com/public_html/vendor/laravel/framework/src/Illuminate/Container/BoundMethod.php(93): Illuminate\\Container\\Util::unwrapIfClosure()
#12 /var/www/spotlightattires.com/public_html/vendor/laravel/framework/src/Illuminate/Container/BoundMethod.php(35): Illuminate\\Container\\BoundMethod::callBoundMethod()
#13 /var/www/spotlightattires.com/public_html/vendor/laravel/framework/src/Illuminate/Container/Container.php(661): Illuminate\\Container\\BoundMethod::call()
#14 /var/www/spotlightattires.com/public_html/vendor/laravel/framework/src/Illuminate/Foundation/Application.php(929): Illuminate\\Container\\Container->call()
#15 /var/www/spotlightattires.com/public_html/vendor/laravel/framework/src/Illuminate/Foundation/Application.php(910): Illuminate\\Foundation\\Application->bootProvider()
#16 [internal function]: Illuminate\\Foundation\\Application->Illuminate\\Foundation\\{closure}()
#17 /var/www/spotlightattires.com/public_html/vendor/laravel/framework/src/Illuminate/Foundation/Application.php(909): array_walk()
#18 /var/www/spotlightattires.com/public_html/vendor/laravel/framework/src/Illuminate/Foundation/Bootstrap/BootProviders.php(17): Illuminate\\Foundation\\Application->boot()
#19 /var/www/spotlightattires.com/public_html/vendor/laravel/framework/src/Illuminate/Foundation/Application.php(242): Illuminate\\Foundation\\Bootstrap\\BootProviders->bootstrap()
#20 /var/www/spotlightattires.com/public_html/vendor/laravel/framework/src/Illuminate/Foundation/Console/Kernel.php(383): Illuminate\\Foundation\\Application->bootstrapWith()
#21 /var/www/spotlightattires.com/public_html/vendor/laravel/framework/src/Illuminate/Foundation/Console/Kernel.php(153): Illuminate\\Foundation\\Console\\Kernel->bootstrap()
#22 /var/www/spotlightattires.com/public_html/artisan(35): Illuminate\\Foundation\\Console\\Kernel->handle()
#23 {main}

[previous exception] [object] (PDOException(code: 1045): SQLSTATE[HY000] [1045] Access denied for user 'root'@'localhost' (using password: NO) at /var/www/spotlightattires.com/public_html/vendor/laravel/framework/src/Illuminate/Database/Connectors/Connector.php:70)
[stacktrace]
#0 /var/www/spotlightattires.com/public_html/vendor/laravel/framework/src/Illuminate/Database/Connectors/Connector.php(70): PDO->__construct()
#1 /var/www/spotlightattires.com/public_html/vendor/laravel/framework/src/Illuminate/Database/Connectors/Connector.php(45): Illuminate\\Database\\Connectors\\Connector->createPdoConnection()
#2 /var/www/spotlightattires.com/public_html/vendor/laravel/framework/src/Illuminate/Database/Connectors/MySqlConnector.php(24): Illuminate\\Database\\Connectors\\Connector->createConnection()
#3 /var/www/spotlightattires.com/public_html/vendor/laravel/framework/src/Illuminate/Database/Connectors/ConnectionFactory.php(184): Illuminate\\Database\\Connectors\\MySqlConnector->connect()
#4 [internal function]: Illuminate\\Database\\Connectors\\ConnectionFactory->Illuminate\\Database\\Connectors\\{closure}()
#5 /var/www/spotlightattires.com/public_html/vendor/laravel/framework/src/Illuminate/Database/Connection.php(1181): call_user_func()
#6 /var/www/spotlightattires.com/public_html/vendor/laravel/framework/src/Illuminate/Database/Connection.php(1217): Illuminate\\Database\\Connection->getPdo()
#7 /var/www/spotlightattires.com/public_html/vendor/laravel/framework/src/Illuminate/Database/Connection.php(486): Illuminate\\Database\\Connection->getReadPdo()
#8 /var/www/spotlightattires.com/public_html/vendor/laravel/framework/src/Illuminate/Database/Connection.php(414): Illuminate\\Database\\Connection->getPdoForSelect()
#9 /var/www/spotlightattires.com/public_html/vendor/laravel/framework/src/Illuminate/Database/Connection.php(753): Illuminate\\Database\\Connection->Illuminate\\Database\\{closure}()
#10 /var/www/spotlightattires.com/public_html/vendor/laravel/framework/src/Illuminate/Database/Connection.php(720): Illuminate\\Database\\Connection->runQueryCallback()
#11 /var/www/spotlightattires.com/public_html/vendor/laravel/framework/src/Illuminate/Database/Connection.php(405): Illuminate\\Database\\Connection->run()
#12 /var/www/spotlightattires.com/public_html/vendor/laravel/framework/src/Illuminate/Database/Query/Builder.php(2705): Illuminate\\Database\\Connection->select()
#13 /var/www/spotlightattires.com/public_html/vendor/laravel/framework/src/Illuminate/Database/Query/Builder.php(2694): Illuminate\\Database\\Query\\Builder->runSelect()
#14 /var/www/spotlightattires.com/public_html/vendor/laravel/framework/src/Illuminate/Database/Query/Builder.php(3230): Illuminate\\Database\\Query\\Builder->Illuminate\\Database\\Query\\{closure}()
#15 /var/www/spotlightattires.com/public_html/vendor/laravel/framework/src/Illuminate/Database/Query/Builder.php(2693): Illuminate\\Database\\Query\\Builder->onceWithColumns()
#16 /var/www/spotlightattires.com/public_html/vendor/laravel/framework/src/Illuminate/Database/Concerns/BuildsQueries.php(296): Illuminate\\Database\\Query\\Builder->get()
#17 /var/www/spotlightattires.com/public_html/vendor/laravel/framework/src/Illuminate/Database/Query/Builder.php(2650): Illuminate\\Database\\Query\\Builder->first()
#18 /var/www/spotlightattires.com/public_html/app/Providers/AppServiceProvider.php(26): Illuminate\\Database\\Query\\Builder->value()
#19 /var/www/spotlightattires.com/public_html/vendor/laravel/framework/src/Illuminate/Container/BoundMethod.php(36): App\\Providers\\AppServiceProvider->boot()
#20 /var/www/spotlightattires.com/public_html/vendor/laravel/framework/src/Illuminate/Container/Util.php(41): Illuminate\\Container\\BoundMethod::Illuminate\\Container\\{closure}()
#21 /var/www/spotlightattires.com/public_html/vendor/laravel/framework/src/Illuminate/Container/BoundMethod.php(93): Illuminate\\Container\\Util::unwrapIfClosure()
#22 /var/www/spotlightattires.com/public_html/vendor/laravel/framework/src/Illuminate/Container/BoundMethod.php(35): Illuminate\\Container\\BoundMethod::callBoundMethod()
#23 /var/www/spotlightattires.com/public_html/vendor/laravel/framework/src/Illuminate/Container/Container.php(661): Illuminate\\Container\\BoundMethod::call()
#24 /var/www/spotlightattires.com/public_html/vendor/laravel/framework/src/Illuminate/Foundation/Application.php(929): Illuminate\\Container\\Container->call()
#25 /var/www/spotlightattires.com/public_html/vendor/laravel/framework/src/Illuminate/Foundation/Application.php(910): Illuminate\\Foundation\\Application->bootProvider()
#26 [internal function]: Illuminate\\Foundation\\Application->Illuminate\\Foundation\\{closure}()
#27 /var/www/spotlightattires.com/public_html/vendor/laravel/framework/src/Illuminate/Foundation/Application.php(909): array_walk()
#28 /var/www/spotlightattires.com/public_html/vendor/laravel/framework/src/Illuminate/Foundation/Bootstrap/BootProviders.php(17): Illuminate\\Foundation\\Application->boot()
#29 /var/www/spotlightattires.com/public_html/vendor/laravel/framework/src/Illuminate/Foundation/Application.php(242): Illuminate\\Foundation\\Bootstrap\\BootProviders->bootstrap()
#30 /var/www/spotlightattires.com/public_html/vendor/laravel/framework/src/Illuminate/Foundation/Console/Kernel.php(383): Illuminate\\Foundation\\Application->bootstrapWith()
#31 /var/www/spotlightattires.com/public_html/vendor/laravel/framework/src/Illuminate/Foundation/Console/Kernel.php(153): Illuminate\\Foundation\\Console\\Kernel->bootstrap()
#32 /var/www/spotlightattires.com/public_html/artisan(35): Illuminate\\Foundation\\Console\\Kernel->handle()
#33 {main}
"} 
